cl : command line  warning D9025: overriding '/sdl' with '/GS-'
  Bai1-5_Trang65.cpp
  Bai2_Trang70cpp.cpp
  Generating Code...
C:\Users\hoang\OneDrive\Máy tính\CloneChuong2\BuiHoangKhoi_BuiHoangThinh_Chuong2\Chuong2\BTChuong2\BTChuong2\Bai2_Trang70cpp.cpp(22,5): warning C4996: 'scanf': This function or variable may be unsafe. Consider using scanf_s instead. To disable deprecation, use _CRT_SECURE_NO_WARNINGS. See online help for details.
C:\Users\hoang\OneDrive\Máy tính\CloneChuong2\BuiHoangKhoi_BuiHoangThinh_Chuong2\Chuong2\BTChuong2\BTChuong2\Bai2_Trang70cpp.cpp(28,5): warning C4996: 'scanf': This function or variable may be unsafe. Consider using scanf_s instead. To disable deprecation, use _CRT_SECURE_NO_WARNINGS. See online help for details.
C:\Users\hoang\OneDrive\Máy tính\CloneChuong2\BuiHoangKhoi_BuiHoangThinh_Chuong2\Chuong2\BTChuong2\BTChuong2\Bai2_Trang70cpp.cpp(30,5): warning C4996: 'scanf': This function or variable may be unsafe. Consider using scanf_s instead. To disable deprecation, use _CRT_SECURE_NO_WARNINGS. See online help for details.
C:\Users\hoang\OneDrive\Máy tính\CloneChuong2\BuiHoangKhoi_BuiHoangThinh_Chuong2\Chuong2\BTChuong2\BTChuong2\Bai2_Trang70cpp.cpp(34,46): warning C4244: '=': conversion from 'double' to 'float', possible loss of data
C:\Users\hoang\OneDrive\Máy tính\CloneChuong2\BuiHoangKhoi_BuiHoangThinh_Chuong2\Chuong2\BTChuong2\BTChuong2\Bai2_Trang70cpp.cpp(40,9): warning C4996: 'strcpy': This function or variable may be unsafe. Consider using strcpy_s instead. To disable deprecation, use _CRT_SECURE_NO_WARNINGS. See online help for details.
C:\Users\hoang\OneDrive\Máy tính\CloneChuong2\BuiHoangKhoi_BuiHoangThinh_Chuong2\Chuong2\BTChuong2\BTChuong2\Bai2_Trang70cpp.cpp(44,9): warning C4996: 'strcpy': This function or variable may be unsafe. Consider using strcpy_s instead. To disable deprecation, use _CRT_SECURE_NO_WARNINGS. See online help for details.
C:\Users\hoang\OneDrive\Máy tính\CloneChuong2\BuiHoangKhoi_BuiHoangThinh_Chuong2\Chuong2\BTChuong2\BTChuong2\Bai2_Trang70cpp.cpp(48,9): warning C4996: 'strcpy': This function or variable may be unsafe. Consider using strcpy_s instead. To disable deprecation, use _CRT_SECURE_NO_WARNINGS. See online help for details.
C:\Users\hoang\OneDrive\Máy tính\CloneChuong2\BuiHoangKhoi_BuiHoangThinh_Chuong2\Chuong2\BTChuong2\BTChuong2\Bai2_Trang70cpp.cpp(52,9): warning C4996: 'strcpy': This function or variable may be unsafe. Consider using strcpy_s instead. To disable deprecation, use _CRT_SECURE_NO_WARNINGS. See online help for details.
C:\Users\hoang\OneDrive\Máy tính\CloneChuong2\BuiHoangKhoi_BuiHoangThinh_Chuong2\Chuong2\BTChuong2\BTChuong2\Bai2_Trang70cpp.cpp(56,9): warning C4996: 'strcpy': This function or variable may be unsafe. Consider using strcpy_s instead. To disable deprecation, use _CRT_SECURE_NO_WARNINGS. See online help for details.
C:\Users\hoang\OneDrive\Máy tính\CloneChuong2\BuiHoangKhoi_BuiHoangThinh_Chuong2\Chuong2\BTChuong2\BTChuong2\Bai2_Trang70cpp.cpp(68,5): warning C4996: 'scanf': This function or variable may be unsafe. Consider using scanf_s instead. To disable deprecation, use _CRT_SECURE_NO_WARNINGS. See online help for details.
C:\Users\hoang\OneDrive\Máy tính\CloneChuong2\BuiHoangKhoi_BuiHoangThinh_Chuong2\Chuong2\BTChuong2\BTChuong2\Bai2_Trang70cpp.cpp(129,15): warning C4996: 'fopen': This function or variable may be unsafe. Consider using fopen_s instead. To disable deprecation, use _CRT_SECURE_NO_WARNINGS. See online help for details.
C:\Users\hoang\OneDrive\Máy tính\CloneChuong2\BuiHoangKhoi_BuiHoangThinh_Chuong2\Chuong2\BTChuong2\BTChuong2\Bai2_Trang70cpp.cpp(146,15): warning C4996: 'fopen': This function or variable may be unsafe. Consider using fopen_s instead. To disable deprecation, use _CRT_SECURE_NO_WARNINGS. See online help for details.
C:\Users\hoang\OneDrive\Máy tính\CloneChuong2\BuiHoangKhoi_BuiHoangThinh_Chuong2\Chuong2\BTChuong2\BTChuong2\Bai2_Trang70cpp.cpp(154,12): warning C4996: 'fscanf': This function or variable may be unsafe. Consider using fscanf_s instead. To disable deprecation, use _CRT_SECURE_NO_WARNINGS. See online help for details.
C:\Users\hoang\OneDrive\Máy tính\CloneChuong2\BuiHoangKhoi_BuiHoangThinh_Chuong2\Chuong2\BTChuong2\BTChuong2\Bai2_Trang70cpp.cpp(180,9): warning C4996: 'scanf': This function or variable may be unsafe. Consider using scanf_s instead. To disable deprecation, use _CRT_SECURE_NO_WARNINGS. See online help for details.
C:\Users\hoang\OneDrive\Máy tính\CloneChuong2\BuiHoangKhoi_BuiHoangThinh_Chuong2\Chuong2\BTChuong2\BTChuong2\Bai2_Trang70cpp.cpp(199,13): warning C4996: 'scanf': This function or variable may be unsafe. Consider using scanf_s instead. To disable deprecation, use _CRT_SECURE_NO_WARNINGS. See online help for details.
  LINK : C:\Users\hoang\OneDrive\Máy tính\CloneChuong2\BuiHoangKhoi_BuiHoangThinh_Chuong2\Chuong2\BTChuong2\x64\Debug\BTChuong2.exe not found or not built by the last incremental link; performing full link
Bai2_Trang70cpp.obj : error LNK2005: main already defined in Bai1-5_Trang65.obj
C:\Users\hoang\OneDrive\Máy tính\CloneChuong2\BuiHoangKhoi_BuiHoangThinh_Chuong2\Chuong2\BTChuong2\x64\Debug\BTChuong2.exe : fatal error LNK1169: one or more multiply defined symbols found
